UnityProject/unityLibrary/build/outputs/logs/manifest-merger-debug-report.txt
-- Merging decision tree log ---
manifest
ADDED from src\main\AndroidManifest.xml:2:1-31:12
INJECTED from src\main\AndroidManifest.xml:2:1-31:12
	package
		INJECTED from src\main\AndroidManifest.xml
	xmlns:tools
		ADDED from src\main\AndroidManifest.xml:2:70-116
	xmlns:android
		ADDED from src\main\AndroidManifest.xml:2:11-69
uses-permission#android.permission.INTERNET
ADDED from src\main\AndroidManifest.xml:3:3-65
	android:name
		ADDED from src\main\AndroidManifest.xml:3:20-62
uses-feature#0x00030000
ADDED from src\main\AndroidManifest.xml:4:3-52
	android:glEsVersion
		ADDED from src\main\AndroidManifest.xml:4:17-49
uses-feature#android.hardware.vulkan.version
ADDED from src\main\AndroidManifest.xml:5:3-91
	android:required
		ADDED from src\main\AndroidManifest.xml:5:64-88
	android:name
		ADDED from src\main\AndroidManifest.xml:5:17-63
uses-feature#android.hardware.touchscreen
ADDED from src\main\AndroidManifest.xml:6:3-88
	android:required
		ADDED from src\main\AndroidManifest.xml:6:61-85
	android:name
		ADDED from src\main\AndroidManifest.xml:6:17-60
uses-feature#android.hardware.touchscreen.multitouch
ADDED from src\main\AndroidManifest.xml:7:3-99
	android:required
		ADDED from src\main\AndroidManifest.xml:7:72-96
	android:name
		ADDED from src\main\AndroidManifest.xml:7:17-71
uses-feature#android.hardware.touchscreen.multitouch.distinct
ADDED from src\main\AndroidManifest.xml:8:3-108
	android:required
		ADDED from src\main\AndroidManifest.xml:8:81-105
	android:name
		ADDED from src\main\AndroidManifest.xml:8:17-80
application
ADDED from src\main\AndroidManifest.xml:9:3-30:17
	android:extractNativeLibs
		ADDED from src\main\AndroidManifest.xml:9:60-92
	android:appCategory
		ADDED from src\main\AndroidManifest.xml:9:93-119
	android:enableOnBackInvokedCallback
		ADDED from src\main\AndroidManifest.xml:9:16-59
meta-data#unity.splash-mode
ADDED from src\main\AndroidManifest.xml:10:5-69
	android:value
		ADDED from src\main\AndroidManifest.xml:10:49-66
	android:name
		ADDED from src\main\AndroidManifest.xml:10:16-48
meta-data#unity.splash-enable
ADDED from src\main\AndroidManifest.xml:11:5-74
	android:value
		ADDED from src\main\AndroidManifest.xml:11:51-71
	android:name
		ADDED from src\main\AndroidManifest.xml:11:16-50
meta-data#unity.launch-fullscreen
ADDED from src\main\AndroidManifest.xml:12:5-78
	android:value
		ADDED from src\main\AndroidManifest.xml:12:55-75
	android:name
		ADDED from src\main\AndroidManifest.xml:12:16-54
meta-data#unity.render-outside-safearea
ADDED from src\main\AndroidManifest.xml:13:5-84
	android:value
		ADDED from src\main\AndroidManifest.xml:13:61-81
	android:name
		ADDED from src\main\AndroidManifest.xml:13:16-60
meta-data#notch.config
ADDED from src\main\AndroidManifest.xml:14:5-81
	android:value
		ADDED from src\main\AndroidManifest.xml:14:44-78
	android:name
		ADDED from src\main\AndroidManifest.xml:14:16-43
meta-data#unity.auto-report-fully-drawn
ADDED from src\main\AndroidManifest.xml:15:5-84
	android:value
		ADDED from src\main\AndroidManifest.xml:15:61-81
	android:name
		ADDED from src\main\AndroidManifest.xml:15:16-60
meta-data#unity.auto-set-game-state
ADDED from src\main\AndroidManifest.xml:16:5-80
	android:value
		ADDED from src\main\AndroidManifest.xml:16:57-77
	android:name
		ADDED from src\main\AndroidManifest.xml:16:16-56
meta-data#unity.strip-engine-code
ADDED from src\main\AndroidManifest.xml:17:5-78
	android:value
		ADDED from src\main\AndroidManifest.xml:17:55-75
	android:name
		ADDED from src\main\AndroidManifest.xml:17:16-54
meta-data#android.game_mode_config
ADDED from src\main\AndroidManifest.xml:18:5-99
	android:resource
		ADDED from src\main\AndroidManifest.xml:18:56-96
	android:name
		ADDED from src\main\AndroidManifest.xml:18:16-55
activity#com.unity3d.player.UnityPlayerGameActivity
ADDED from src\main\AndroidManifest.xml:19:5-29:16
	android:screenOrientation
		ADDED from src\main\AndroidManifest.xml:19:404-441
	android:enabled
		ADDED from src\main\AndroidManifest.xml:19:197-219
	android:launchMode
		ADDED from src\main\AndroidManifest.xml:19:280-311
	android:hardwareAccelerated
		ADDED from src\main\AndroidManifest.xml:19:244-279
	android:exported
		ADDED from src\main\AndroidManifest.xml:19:220-243
	android:resizeableActivity
		ADDED from src\main\AndroidManifest.xml:19:370-403
	android:configChanges
		ADDED from src\main\AndroidManifest.xml:19:15-196
	android:theme
		ADDED from src\main\AndroidManifest.xml:19:442-491
	android:name
		ADDED from src\main\AndroidManifest.xml:19:312-369
intent-filter#action:name:android.intent.action.MAIN+category:name:android.intent.category.LAUNCHER
ADDED from src\main\AndroidManifest.xml:20:7-23:23
category#android.intent.category.LAUNCHER
ADDED from src\main\AndroidManifest.xml:21:9-69
	android:name
		ADDED from src\main\AndroidManifest.xml:21:19-66
action#android.intent.action.MAIN
ADDED from src\main\AndroidManifest.xml:22:9-61
	android:name
		ADDED from src\main\AndroidManifest.xml:22:17-58
meta-data#unityplayer.UnityActivity
ADDED from src\main\AndroidManifest.xml:24:7-82
	android:value
		ADDED from src\main\AndroidManifest.xml:24:59-79
	android:name
		ADDED from src\main\AndroidManifest.xml:24:18-58
meta-data#android.app.lib_name
ADDED from src\main\AndroidManifest.xml:25:7-77
	android:value
		ADDED from src\main\AndroidManifest.xml:25:54-74
	android:name
		ADDED from src\main\AndroidManifest.xml:25:18-53
meta-data#WindowManagerPreference:FreeformWindowSize
ADDED from src\main\AndroidManifest.xml:26:7-130
	android:value
		ADDED from src\main\AndroidManifest.xml:26:76-127
	android:name
		ADDED from src\main\AndroidManifest.xml:26:18-75
meta-data#WindowManagerPreference:FreeformWindowOrientation
ADDED from src\main\AndroidManifest.xml:27:7-145
	android:value
		ADDED from src\main\AndroidManifest.xml:27:83-142
	android:name
		ADDED from src\main\AndroidManifest.xml:27:18-82
meta-data#notch_support
ADDED from src\main\AndroidManifest.xml:28:7-70
	android:value
		ADDED from src\main\AndroidManifest.xml:28:47-67
	android:name
		ADDED from src\main\AndroidManifest.xml:28:18-46
uses-sdk
INJECTED from src\main\AndroidManifest.xml reason: use-sdk injection requested
INJECTED from src\main\AndroidManifest.xml
INJECTED from src\main\AndroidManifest.xml
	android:targetSdkVersion
		INJECTED from src\main\AndroidManifest.xml
	android:minSdkVersion
		INJECTED from src\main\AndroidManifest.xml